# JRE version: OpenJDK Runtime Environment (8.0_292-b10) (build 1.8.0_292-b10)
# Java VM: OpenJDK 64-Bit Server VM (25.292-b10 mixed mode windows-amd64 compressed oops)
Heap:
 PSYoungGen      total 140288K, used 121338K [0x00000000f5580000, 0x00000000ffe80000, 0x0000000100000000)
  eden space 110592K, 91% used [0x00000000f5580000,0x00000000fb85fe40,0x00000000fc180000)
  from space 29696K, 67% used [0x00000000fe180000,0x00000000ff51eaa8,0x00000000ffe80000)
  to   space 31232K, 0% used [0x00000000fc180000,0x00000000fc180000,0x00000000fe000000)
 ParOldGen       total 190464K, used 71922K [0x00000000e0000000, 0x00000000eba00000, 0x00000000f5580000)
  object space 190464K, 37% used [0x00000000e0000000,0x00000000e463c968,0x00000000eba00000)
 Metaspace       used 79451K, capacity 85331K, committed 85632K, reserved 1128448K
  class space    used 11148K, capacity 12355K, committed 12416K, reserved 1048576K
GC Heap History (10 events):
Event: 35.703 GC heap before
{Heap before GC invocations=13 (full 3):
 PSYoungGen      total 155648K, used 136704K [0x00000000f5580000, 0x0000000100000000, 0x0000000100000000)
  eden space 136704K, 100% used [0x00000000f5580000,0x00000000fdb00000,0x00000000fdb00000)
  from space 18944K, 0% used [0x00000000fdb00000,0x00000000fdb00000,0x00000000fed80000)
  to   space 18944K, 0% used [0x00000000fed80000,0x00000000fed80000,0x0000000100000000)
 ParOldGen       total 190464K, used 34669K [0x00000000e0000000, 0x00000000eba00000, 0x00000000f5580000)
  object space 190464K, 18% used [0x00000000e0000000,0x00000000e21db618,0x00000000eba00000)
 Metaspace       used 60524K, capacity 63255K, committed 63488K, reserved 1103872K
  class space    used 8542K, capacity 9126K, committed 9216K, reserved 1048576K
Event: 35.711 GC heap after
Heap after GC invocations=13 (full 3):
 PSYoungGen      total 149504K, used 15001K [0x00000000f5580000, 0x0000000100000000, 0x0000000100000000)
  eden space 130560K, 0% used [0x00000000f5580000,0x00000000f5580000,0x00000000fd500000)
  from space 18944K, 79% used [0x00000000fed80000,0x00000000ffc26660,0x0000000100000000)
  to   space 22016K, 0% used [0x00000000fd500000,0x00000000fd500000,0x00000000fea80000)
 ParOldGen       total 190464K, used 34677K [0x00000000e0000000, 0x00000000eba00000, 0x00000000f5580000)
  object space 190464K, 18% used [0x00000000e0000000,0x00000000e21dd618,0x00000000eba00000)
 Metaspace       used 60524K, capacity 63255K, committed 63488K, reserved 1103872K
  class space    used 8542K, capacity 9126K, committed 9216K, reserved 1048576K
}
Event: 36.553 GC heap before
{Heap before GC invocations=14 (full 3):
 PSYoungGen      total 149504K, used 145561K [0x00000000f5580000, 0x0000000100000000, 0x0000000100000000)
  eden space 130560K, 100% used [0x00000000f5580000,0x00000000fd500000,0x00000000fd500000)
  from space 18944K, 79% used [0x00000000fed80000,0x00000000ffc26660,0x0000000100000000)
  to   space 22016K, 0% used [0x00000000fd500000,0x00000000fd500000,0x00000000fea80000)
 ParOldGen       total 190464K, used 34677K [0x00000000e0000000, 0x00000000eba00000, 0x00000000f5580000)
  object space 190464K, 18% used [0x00000000e0000000,0x00000000e21dd618,0x00000000eba00000)
 Metaspace       used 66161K, capacity 69563K, committed 69888K, reserved 1110016K
  class space    used 9381K, capacity 10161K, committed 10240K, reserved 1048576K
Event: 36.566 GC heap after
Heap after GC invocations=14 (full 3):
 PSYoungGen      total 152576K, used 21997K [0x00000000f5580000, 0x0000000100000000, 0x0000000100000000)
  eden space 130560K, 0% used [0x00000000f5580000,0x00000000f5580000,0x00000000fd500000)
  from space 22016K, 99% used [0x00000000fd500000,0x00000000fea7b680,0x00000000fea80000)
  to   space 22016K, 0% used [0x00000000fea80000,0x00000000fea80000,0x0000000100000000)
 ParOldGen       total 190464K, used 38327K [0x00000000e0000000, 0x00000000eba00000, 0x00000000f5580000)
  object space 190464K, 20% used [0x00000000e0000000,0x00000000e256dd58,0x00000000eba00000)
 Metaspace       used 66161K, capacity 69563K, committed 69888K, reserved 1110016K
  class space    used 9381K, capacity 10161K, committed 10240K, reserved 1048576K
}
Event: 37.517 GC heap before
{Heap before GC invocations=15 (full 3):
 PSYoungGen      total 152576K, used 152557K [0x00000000f5580000, 0x0000000100000000, 0x0000000100000000)
  eden space 130560K, 100% used [0x00000000f5580000,0x00000000fd500000,0x00000000fd500000)
  from space 22016K, 99% used [0x00000000fd500000,0x00000000fea7b680,0x00000000fea80000)
  to   space 22016K, 0% used [0x00000000fea80000,0x00000000fea80000,0x0000000100000000)
 ParOldGen       total 190464K, used 38327K [0x00000000e0000000, 0x00000000eba00000, 0x00000000f5580000)
  object space 190464K, 20% used [0x00000000e0000000,0x00000000e256dd58,0x00000000eba00000)
 Metaspace       used 69513K, capacity 73681K, committed 73856K, reserved 1112064K
  class space    used 9818K, capacity 10760K, committed 10880K, reserved 1048576K
Event: 37.536 GC heap after
Heap after GC invocations=15 (full 3):
 PSYoungGen      total 131072K, used 22007K [0x00000000f5580000, 0x0000000100000000, 0x0000000100000000)
  eden space 109056K, 0% used [0x00000000f5580000,0x00000000f5580000,0x00000000fc000000)
  from space 22016K, 99% used [0x00000000fea80000,0x00000000ffffdf48,0x0000000100000000)
  to   space 32768K, 0% used [0x00000000fc000000,0x00000000fc000000,0x00000000fe000000)
 ParOldGen       total 190464K, used 51617K [0x00000000e0000000, 0x00000000eba00000, 0x00000000f5580000)
  object space 190464K, 27% used [0x00000000e0000000,0x00000000e3268750,0x00000000eba00000)
 Metaspace       used 69513K, capacity 73681K, committed 73856K, reserved 1112064K
  class space    used 9818K, capacity 10760K, committed 10880K, reserved 1048576K
}
Event: 38.321 GC heap before
{Heap before GC invocations=16 (full 3):
 PSYoungGen      total 131072K, used 131063K [0x00000000f5580000, 0x0000000100000000, 0x0000000100000000)
  eden space 109056K, 100% used [0x00000000f5580000,0x00000000fc000000,0x00000000fc000000)
  from space 22016K, 99% used [0x00000000fea80000,0x00000000ffffdf48,0x0000000100000000)
  to   space 32768K, 0% used [0x00000000fc000000,0x00000000fc000000,0x00000000fe000000)
 ParOldGen       total 190464K, used 51617K [0x00000000e0000000, 0x00000000eba00000, 0x00000000f5580000)
  object space 190464K, 27% used [0x00000000e0000000,0x00000000e3268750,0x00000000eba00000)
 Metaspace       used 73752K, capacity 78285K, committed 78464K, reserved 1116160K
  class space    used 10393K, capacity 11388K, committed 11392K, reserved 1048576K
Event: 38.340 GC heap after
Heap after GC invocations=16 (full 3):
 PSYoungGen      total 141824K, used 14817K [0x00000000f5580000, 0x0000000100000000, 0x0000000100000000)
  eden space 109056K, 0% used [0x00000000f5580000,0x00000000f5580000,0x00000000fc000000)
  from space 32768K, 45% used [0x00000000fc000000,0x00000000fce78560,0x00000000fe000000)
  to   space 31232K, 0% used [0x00000000fe180000,0x00000000fe180000,0x0000000100000000)
 ParOldGen       total 190464K, used 71914K [0x00000000e0000000, 0x00000000eba00000, 0x00000000f5580000)
  object space 190464K, 37% used [0x00000000e0000000,0x00000000e463a968,0x00000000eba00000)
 Metaspace       used 73752K, capacity 78285K, committed 78464K, reserved 1116160K
  class space    used 10393K, capacity 11388K, committed 11392K, reserved 1048576K
}
Event: 39.036 GC heap before
{Heap before GC invocations=17 (full 3):
 PSYoungGen      total 141824K, used 123873K [0x00000000f5580000, 0x0000000100000000, 0x0000000100000000)
  eden space 109056K, 100% used [0x00000000f5580000,0x00000000fc000000,0x00000000fc000000)
  from space 32768K, 45% used [0x00000000fc000000,0x00000000fce78560,0x00000000fe000000)
  to   space 31232K, 0% used [0x00000000fe180000,0x00000000fe180000,0x0000000100000000)
 ParOldGen       total 190464K, used 71914K [0x00000000e0000000, 0x00000000eba00000, 0x00000000f5580000)
  object space 190464K, 37% used [0x00000000e0000000,0x00000000e463a968,0x00000000eba00000)
 Metaspace       used 76400K, capacity 81925K, committed 82176K, reserved 1120256K
  class space    used 10777K, capacity 11940K, committed 12032K, reserved 1048576K
Event: 39.047 GC heap after
Heap after GC invocations=17 (full 3):
 PSYoungGen      total 140288K, used 20090K [0x00000000f5580000, 0x00000000ffe80000, 0x0000000100000000)
  eden space 110592K, 0% used [0x00000000f5580000,0x00000000f5580000,0x00000000fc180000)
  from space 29696K, 67% used [0x00000000fe180000,0x00000000ff51eaa8,0x00000000ffe80000)
  to   space 31232K, 0% used [0x00000000fc180000,0x00000000fc180000,0x00000000fe000000)
 ParOldGen       total 190464K, used 71922K [0x00000000e0000000, 0x00000000eba00000, 0x00000000f5580000)
  object space 190464K, 37% used [0x00000000e0000000,0x00000000e463c968,0x00000000eba00000)
 Metaspace       used 76400K, capacity 81925K, committed 82176K, reserved 1120256K
  class space    used 10777K, capacity 11940K, committed 12032K, reserved 1048576K
}

